<project xmlns="http://maven.apache.org/POM/4.0.0" xmlns:xsi="http://www.w3.org/2001/XMLSchema-instance"
         xsi:schemaLocation="http://maven.apache.org/POM/4.0.0 http://maven.apache.org/maven-v4_0_0.xsd">
    <modelVersion>4.0.0</modelVersion>
    <groupId>com.kgignatyev.services</groupId>
    <artifactId>grpc-script-plugin-test</artifactId>
    <packaging>jar</packaging>
    <version>1.0-SNAPSHOT</version>

    <prerequisites>
        <maven>3.6</maven>
    </prerequisites>
    <properties>
        <maven.compiler.target>11</maven.compiler.target>
        <maven.compiler.source>11</maven.compiler.source>
        <maven.compiler.release>11</maven.compiler.release>
    </properties>

    <dependencies>

        <dependency>
            <groupId>junit</groupId>
            <artifactId>junit</artifactId>
            <version>4.13.1</version>
            <scope>test</scope>
        </dependency>
        <dependency>
            <groupId>com.kgignatyev.services</groupId>
            <artifactId>authz-service-interface</artifactId>
            <version>1.0.0</version>
        </dependency>
    </dependencies>
    <build>
        <!--    <pluginManagement>-->
        <!--      <plugins>-->
        <!--        <plugin>-->
        <!--          <artifactId>maven-plugin-plugin</artifactId>-->
        <!--          <version>3.6.0</version>-->
        <!--        </plugin>-->
        <!--      </plugins>-->
        <!--    </pluginManagement>-->
        <plugins>
            <plugin>
                <groupId>org.apache.maven.plugins</groupId>
                <artifactId>maven-compiler-plugin</artifactId>
                <version>3.8.1</version>
                <configuration>
                    <release>11</release>
                </configuration>
            </plugin>
            <plugin>
                <groupId>kgi.tools</groupId>
                <artifactId>grpc-compiler-script-plugin</artifactId>
                <version>1.0.0-SNAPSHOT</version>
                <configuration>
                    <goal>generate-build-script</goal>
                </configuration>
            </plugin>
        </plugins>
    </build>
</project>
